Flow report for assignment1
Tue Oct 27 07:47:05 2020
Quartus Prime Version 20.1.0 Build 711 06/05/2020 SJ Lite Edition


---------------------
; Table of Contents ;
---------------------
  1. Legal Notice
  2. Flow Summary
  3. Flow Settings
  4. Flow Non-Default Global Settings
  5. Flow Elapsed Time
  6. Flow OS Summary
  7. Flow Log
  8. Flow Messages
  9. Flow Suppressed Messages



----------------
; Legal Notice ;
----------------
Copyright (C) 2020  Intel Corporation. All rights reserved.
Your use of Intel Corporation's design tools, logic functions 
and other software and tools, and any partner logic 
functions, and any output files from any of the foregoing 
(including device programming or simulation files), and any 
associated documentation or information are expressly subject 
to the terms and conditions of the Intel Program License 
Subscription Agreement, the Intel Quartus Prime License Agreement,
the Intel FPGA IP License Agreement, or other applicable license
agreement, including, without limitation, that your use is for
the sole purpose of programming logic devices manufactured by
Intel and sold by Intel or its authorized distributors.  Please
refer to the applicable agreement for further details, at
https://fpgasoftware.intel.com/eula.



+---------------------------------------------------------------------+
; Flow Summary                                                        ;
+-----------------------+---------------------------------------------+
; Flow Status           ; Successful - Tue Oct 27 07:47:05 2020       ;
; Quartus Prime Version ; 20.1.0 Build 711 06/05/2020 SJ Lite Edition ;
; Revision Name         ; assignment1                                 ;
; Top-level Entity Name ; fullAdder                                   ;
; Family                ; MAX V                                       ;
; Total logic elements  ; 2 / 40 ( 5 % )                              ;
; Total pins            ; 5 / 30 ( 17 % )                             ;
; Total virtual pins    ; 0                                           ;
; UFM blocks            ; 0 / 1 ( 0 % )                               ;
; Device                ; 5M40ZM64C4                                  ;
; Timing Models         ; Final                                       ;
+-----------------------+---------------------------------------------+


+-----------------------------------------+
; Flow Settings                           ;
+-------------------+---------------------+
; Option            ; Setting             ;
+-------------------+---------------------+
; Start date & time ; 10/27/2020 07:42:57 ;
; Main task         ; Compilation         ;
; Revision Name     ; assignment1         ;
+-------------------+---------------------+


+-------------------------------------------------------------------------------------------------------+
; Flow Non-Default Global Settings                                                                      ;
+--------------------------+---------------------------------+---------------+-------------+------------+
; Assignment Name          ; Value                           ; Default Value ; Entity Name ; Section Id ;
+--------------------------+---------------------------------+---------------+-------------+------------+
; COMPILER_SIGNATURE_ID    ; 238390284788385.160377737610948 ; --            ; --          ; --         ;
; PROJECT_OUTPUT_DIRECTORY ; output_files                    ; --            ; --          ; --         ;
; TOP_LEVEL_ENTITY         ; fullAdder                       ; assignment1   ; --          ; --         ;
+--------------------------+---------------------------------+---------------+-------------+------------+


+--------------------------------------------------------------------------------------------------------------------------+
; Flow Elapsed Time                                                                                                        ;
+----------------------+--------------+-------------------------+---------------------+------------------------------------+
; Module Name          ; Elapsed Time ; Average Processors Used ; Peak Virtual Memory ; Total CPU Time (on all processors) ;
+----------------------+--------------+-------------------------+---------------------+------------------------------------+
; Analysis & Synthesis ; 00:00:08     ; 1.0                     ; 4703 MB             ; 00:00:20                           ;
; Fitter               ; 00:00:02     ; 1.0                     ; 5327 MB             ; 00:00:01                           ;
; Assembler            ; 00:00:00     ; 1.0                     ; 4658 MB             ; 00:00:00                           ;
; Timing Analyzer      ; 00:00:01     ; 1.0                     ; 4674 MB             ; 00:00:01                           ;
; EDA Netlist Writer   ; 00:00:00     ; 1.0                     ; 4607 MB             ; 00:00:00                           ;
; EDA Netlist Writer   ; 00:00:01     ; 1.0                     ; 4607 MB             ; 00:00:00                           ;
; EDA Netlist Writer   ; 00:00:01     ; 1.0                     ; 4607 MB             ; 00:00:00                           ;
; EDA Netlist Writer   ; 00:00:00     ; 1.0                     ; 4616 MB             ; 00:00:00                           ;
; Total                ; 00:00:13     ; --                      ; --                  ; 00:00:22                           ;
+----------------------+--------------+-------------------------+---------------------+------------------------------------+


+------------------------------------------------------------------------------------+
; Flow OS Summary                                                                    ;
+----------------------+------------------+------------+------------+----------------+
; Module Name          ; Machine Hostname ; OS Name    ; OS Version ; Processor type ;
+----------------------+------------------+------------+------------+----------------+
; Analysis & Synthesis ; Mohamed          ; Windows 10 ; 10.0       ; x86_64         ;
; Fitter               ; Mohamed          ; Windows 10 ; 10.0       ; x86_64         ;
; Assembler            ; Mohamed          ; Windows 10 ; 10.0       ; x86_64         ;
; Timing Analyzer      ; Mohamed          ; Windows 10 ; 10.0       ; x86_64         ;
; EDA Netlist Writer   ; Mohamed          ; Windows 10 ; 10.0       ; x86_64         ;
; EDA Netlist Writer   ; Mohamed          ; Windows 10 ; 10.0       ; x86_64         ;
; EDA Netlist Writer   ; Mohamed          ; Windows 10 ; 10.0       ; x86_64         ;
; EDA Netlist Writer   ; Mohamed          ; Windows 10 ; 10.0       ; x86_64         ;
+----------------------+------------------+------------+------------+----------------+


------------
; Flow Log ;
------------
quartus_map --read_settings_files=on --write_settings_files=off assignment1 -c assignment1
quartus_fit --read_settings_files=off --write_settings_files=off assignment1 -c assignment1
quartus_asm --read_settings_files=off --write_settings_files=off assignment1 -c assignment1
quartus_sta assignment1 -c assignment1
quartus_eda --gen_testbench --tool=modelsim_oem --format=verilog --write_settings_files=off assignment1 -c assignment1 --vector_source=C:/Users/moham/Desktop/assignment1/Waveform.vwf --testbench_file=C:/Users/moham/Desktop/assignment1/simulation/qsim/Waveform.vwf.vt
quartus_eda --gen_testbench --tool=modelsim_oem --format=verilog --write_settings_files=off assignment1 -c assignment1 --vector_source=C:/Users/moham/Desktop/assignment1/Waveform.vwf --testbench_file=C:/Users/moham/Desktop/assignment1/simulation/qsim/Waveform.vwf.vt
quartus_eda --gen_testbench --tool=modelsim_oem --format=verilog --write_settings_files=off assignment1 -c assignment1 --vector_source=C:/Users/moham/Desktop/assignment1/Waveform.vwf --testbench_file=C:/Users/moham/Desktop/assignment1/simulation/qsim/Waveform.vwf.vt
quartus_eda --write_settings_files=off --simulation=on --functional=on --flatten_buses=off --tool=modelsim_oem --format=verilog --output_directory=C:/Users/moham/Desktop/assignment1/simulation/qsim/ assignment1 -c assignment1



